<?xml version="1.0" encoding="UTF-8"?>
<Site BuildName="(empty)"
	BuildStamp="20211109-2342-Experimental"
	Name="(empty)"
	Generator="ctest-3.21.2"
	CompilerName=""
	CompilerVersion=""
	OSName="Windows"
	Hostname="DESKTOP-03L8ER4"
	OSRelease=" Professional"
	OSVersion=" (Build 19042)"
	OSPlatform="x86"
	Is64Bits="1"
	VendorString="GenuineIntel"
	VendorID="Intel Corporation"
	FamilyID="6"
	ModelID="14"
	ProcessorCacheSize="-1"
	NumberOfLogicalCPU="8"
	NumberOfPhysicalCPU="4"
	TotalVirtualMemory="32602"
	TotalPhysicalMemory="16301"
	LogicalProcessorsPerPhysical="2"
	ProcessorClockFrequency="2112"
	>
	<Testing>
		<StartDateTime>Nov 09 15:42 Pacific Standard Time</StartDateTime>
		<StartTestTime>1636501363</StartTestTime>
		<TestList/>
		<EndDateTime>Nov 09 15:42 Pacific Standard Time</EndDateTime>
		<EndTestTime>1636501363</EndTestTime>
		<ElapsedMinutes>0</ElapsedMinutes>
	</Testing>
</Site>
